[debug] [2021-05-21T03:00:27.133Z] ----------------------------------------------------------------------
[debug] [2021-05-21T03:00:27.136Z] Command:       C:\Program Files\nodejs\node.exe C:\Users\moiya\AppData\Roaming\npm\node_modules\firebase-tools\lib\bin\firebase.js init
[debug] [2021-05-21T03:00:27.136Z] CLI Version:   9.11.0
[debug] [2021-05-21T03:00:27.136Z] Platform:      win32
[debug] [2021-05-21T03:00:27.136Z] Node Version:  v12.18.3
[debug] [2021-05-21T03:00:27.138Z] Time:          Fri May 21 2021 08:30:27 GMT+0530 (India Standard Time)
[debug] [2021-05-21T03:00:27.138Z] ----------------------------------------------------------------------
[debug] 
[debug] [2021-05-21T03:00:27.146Z] > command requires scopes: ["email","openid","https://www.googleapis.com/auth/cloudplatformprojects.readonly","https://www.googleapis.com/auth/firebase","https://www.googleapis.com/auth/cloud-platform"]
[debug] [2021-05-21T03:00:27.147Z] > authorizing via signed-in user (moiyadkayda@gmail.com)
[info] 
     ######## #### ########  ######## ########     ###     ######  ########
     ##        ##  ##     ## ##       ##     ##  ##   ##  ##       ##
     ######    ##  ########  ######   ########  #########  ######  ######
     ##        ##  ##    ##  ##       ##     ## ##     ##       ## ##
     ##       #### ##     ## ######## ########  ##     ##  ######  ########

You're about to initialize a Firebase project in this directory:

  C:\Online work\React work\pwc

Before we get started, keep in mind:

  * You are currently outside your home directory

[info] 
=== Project Setup
[info] 
[info] First, let's associate this project directory with a Firebase project.
[info] You can create multiple project aliases by running firebase use --add, 
[info] but for now we'll just set up a default project.
[info] 
[debug] [2021-05-21T03:00:34.117Z] >>> [apiv2][query] GET https://firebase.googleapis.com/v1beta1/projects pageSize=100
[debug] [2021-05-21T03:00:35.016Z] <<< [apiv2][status] GET https://firebase.googleapis.com/v1beta1/projects 200
[debug] [2021-05-21T03:00:35.016Z] <<< [apiv2][body] GET https://firebase.googleapis.com/v1beta1/projects [omitted]
[info] i  Using project playwithcrypto-2e13c (PlayWithCrypto) 
[info] 
=== Hosting Setup
[info] 
[info] Your public directory is the folder (relative to your project directory) that
[info] will contain Hosting assets to be uploaded with firebase deploy. If you
[info] have a build process for your assets, use your build's output directory.
[info] 
[debug] [2021-05-21T03:01:20.200Z] >>> [apiv2][query] GET https://www.gstatic.com/firebasejs/releases.json [none]
[debug] [2021-05-21T03:01:20.466Z] <<< [apiv2][status] GET https://www.gstatic.com/firebasejs/releases.json 200
[debug] [2021-05-21T03:01:20.466Z] <<< [apiv2][body] GET https://www.gstatic.com/firebasejs/releases.json {"current":{"version":"8.6.2","browserURL":"https://www.gstatic.com/firebasejs/8.6.2/firebase.js","packageURL":"https://www.gstatic.com/firebasejs/8.6.2/firebase.tgz"},"live":{"version":"8.6","browserURL":"https://www.gstatic.com/firebasejs/live/8.6/firebase.js","packageURL":"https://www.gstatic.com/firebasejs/live/8.6/firebase.tgz"},"components":{"analytics":"https://www.gstatic.com/firebasejs/8.6.2/firebase-analytics.js","app":"https://www.gstatic.com/firebasejs/8.6.2/firebase-app.js","app-check":"https://www.gstatic.com/firebasejs/8.6.2/firebase-app-check.js","auth":"https://www.gstatic.com/firebasejs/8.6.2/firebase-auth.js","database":"https://www.gstatic.com/firebasejs/8.6.2/firebase-database.js","firestore":"https://www.gstatic.com/firebasejs/8.6.2/firebase-firestore.js","functions":"https://www.gstatic.com/firebasejs/8.6.2/firebase-functions.js","installations":"https://www.gstatic.com/firebasejs/8.6.2/firebase-installations.js","messaging":"https://www.gstatic.com/firebasejs/8.6.2/firebase-messaging.js","storage":"https://www.gstatic.com/firebasejs/8.6.2/firebase-storage.js","performance":"https://www.gstatic.com/firebasejs/8.6.2/firebase-performance.js","remote-config":"https://www.gstatic.com/firebasejs/8.6.2/firebase-remote-config.js","firestore.memory":"https://www.gstatic.com/firebasejs/8.6.2/firebase-firestore.memory.js"}}
[info] +  Wrote build/index.html 
[info] 
[info] i  Detected a .git folder at C:\Online work\React work\pwc 
[info] i  Authorizing with GitHub to upload your service account to a GitHub repository's secrets store. 
[info] 
[info] Visit this URL on this device to log in:
[info] https://github.com/login/oauth/authorize?client_id=89cf50f02ac6aaed3484&state=767476948&redirect_uri=http%3A%2F%2Flocalhost%3A9005&scope=read%3Auser%20repo%20public_repo
[info] 
[info] Waiting for authentication...
[debug] [2021-05-21T03:02:04.935Z] >>> HTTP REQUEST POST https://github.com/login/oauth/access_token  
 {"client_id":"89cf50f02ac6aaed3484","client_secret":"3330d14abc895d9a74d5f17cd7a00711fa2c5bf0","code":"e71edcbcbfc59e9ccb9a","redirect_uri":"http://localhost:9005","state":"767476948"}
[debug] [2021-05-21T03:02:05.455Z] <<< HTTP RESPONSE 200 {"server":"GitHub.com","date":"Fri, 21 May 2021 03:02:03 GMT","content-type":"application/json; charset=utf-8","transfer-encoding":"chunked","vary":"X-PJAX, Accept-Encoding, Accept, X-Requested-With","permissions-policy":"interest-cohort=()","etag":"W/\"b13ff5560db9db42194673b7e5824c38\"","cache-control":"max-age=0, private, must-revalidate","strict-transport-security":"max-age=31536000; includeSubdomains; preload","x-frame-options":"deny","x-content-type-options":"nosniff","x-xss-protection":"0","referrer-policy":"origin-when-cross-origin, strict-origin-when-cross-origin","expect-ct":"max-age=2592000, report-uri=\"https://api.github.com/_private/browser/errors\"","content-security-policy":"default-src 'none'; base-uri 'self'; block-all-mixed-content; connect-src 'self' uploads.github.com www.githubstatus.com collector.githubapp.com api.github.com github-cloud.s3.amazonaws.com github-production-repository-file-5c1aeb.s3.amazonaws.com github-production-upload-manifest-file-7fdce7.s3.amazonaws.com github-production-user-asset-6210df.s3.amazonaws.com cdn.optimizely.com logx.optimizely.com/v1/events wss://alive.github.com; font-src github.githubassets.com; form-action 'self' github.com gist.github.com; frame-ancestors 'none'; frame-src render.githubusercontent.com; img-src 'self' data: github.githubassets.com identicons.github.com collector.githubapp.com github-cloud.s3.amazonaws.com secured-user-images.githubusercontent.com/ *.githubusercontent.com; manifest-src 'self'; media-src 'none'; script-src github.githubassets.com; style-src 'unsafe-inline' github.githubassets.com; worker-src github.com/socket-worker-3f088aa2.js gist.github.com/socket-worker-3f088aa2.js","x-github-request-id":"D06D:30EA:14C7D1:19BA11:60A722AB"}
[debug] [2021-05-21T03:02:05.527Z] >>> [apiv2][query] GET https://api.github.com/user [none]
[debug] [2021-05-21T03:02:06.076Z] <<< [apiv2][status] GET https://api.github.com/user 200
[debug] [2021-05-21T03:02:06.076Z] <<< [apiv2][body] GET https://api.github.com/user {"login":"MoiyadKayda","id":42097538,"node_id":"MDQ6VXNlcjQyMDk3NTM4","avatar_url":"https://avatars.githubusercontent.com/u/42097538?v=4","gravatar_id":"","url":"https://api.github.com/users/MoiyadKayda","html_url":"https://github.com/MoiyadKayda","followers_url":"https://api.github.com/users/MoiyadKayda/followers","following_url":"https://api.github.com/users/MoiyadKayda/following{/other_user}","gists_url":"https://api.github.com/users/MoiyadKayda/gists{/gist_id}","starred_url":"https://api.github.com/users/MoiyadKayda/starred{/owner}{/repo}","subscriptions_url":"https://api.github.com/users/MoiyadKayda/subscriptions","organizations_url":"https://api.github.com/users/MoiyadKayda/orgs","repos_url":"https://api.github.com/users/MoiyadKayda/repos","events_url":"https://api.github.com/users/MoiyadKayda/events{/privacy}","received_events_url":"https://api.github.com/users/MoiyadKayda/received_events","type":"User","site_admin":false,"name":null,"company":null,"blog":"","location":null,"email":null,"hireable":null,"bio":null,"twitter_username":null,"public_repos":15,"public_gists":0,"followers":1,"following":1,"created_at":"2018-08-04T17:27:58Z","updated_at":"2021-05-21T03:02:02Z","private_gists":0,"total_private_repos":5,"owned_private_repos":5,"disk_usage":67357,"collaborators":4,"two_factor_authentication":false,"plan":{"name":"pro","space":976562499,"collaborators":0,"private_repos":9999}}
[info] 
[info] +  Success! Logged into GitHub as MoiyadKayda 
[info] 
[debug] [2021-05-21T03:02:25.777Z] >>> [apiv2][query] GET https://api.github.com/repos/moiyadk/pwc/actions/secrets/public-key type=owner
[debug] [2021-05-21T03:02:26.172Z] <<< [apiv2][status] GET https://api.github.com/repos/moiyadk/pwc/actions/secrets/public-key 404
[debug] [2021-05-21T03:02:26.172Z] <<< [apiv2][body] GET https://api.github.com/repos/moiyadk/pwc/actions/secrets/public-key {"message":"Not Found","documentation_url":"https://docs.github.com/rest/reference/actions#get-a-repository-public-key"}
[debug] [2021-05-21T03:02:39.158Z] >>> [apiv2][query] GET https://api.github.com/repos/n/actions/secrets/public-key type=owner
[debug] [2021-05-21T03:02:40.497Z] <<< [apiv2][status] GET https://api.github.com/repos/n/actions/secrets/public-key 404
[debug] [2021-05-21T03:02:40.498Z] <<< [apiv2][body] GET https://api.github.com/repos/n/actions/secrets/public-key {"message":"Not Found","documentation_url":"https://docs.github.com/rest"}
